<?xml version="1.0" encoding="UTF-8"?>
<!-- Generated by org.testng.reporters.JUnitReportReporter -->
<testsuite hostname="linux-t0cw" name="com.ecomm.ultimatesms.messaging.ws.helper.CreditsCheckHelperTest" tests="1" failures="0" timestamp="12 Feb 2013 10:55:28 GMT" time="0.057" errors="0">
  <testcase name="tests1" time="0.057" classname="com.ecomm.ultimatesms.messaging.ws.helper.CreditsCheckHelperTest"/>
</testsuite>
