<?xml version="1.0" encoding="UTF-8"?>
<!-- Generated by org.testng.reporters.JUnitReportReporter -->
<testsuite hostname="linux-t0cw" name="com.ecomm.ultimatesms.messaging.utils.HelperTest" tests="3" failures="0" timestamp="10 Mar 2012 14:32:44 GMT" time="5289.267" errors="0">
  <testcase name="getAdminStatusMessage" time="0.042" classname="com.ecomm.ultimatesms.messaging.utils.HelperTest"/>
  <testcase name="MnoSmscproprty" time="5289.184" classname="com.ecomm.ultimatesms.messaging.utils.HelperTest"/>
  <testcase name="getSmsStatus" time="0.041" classname="com.ecomm.ultimatesms.messaging.utils.HelperTest"/>
</testsuite>
